<?xml version="1.0" encoding="UTF-8"?>
<testsuite xmlns:xsi="http://www.w3.org/2001/XMLSchema-instance" xsi:noNamespaceSchemaLocation="https://maven.apache.org/surefire/maven-surefire-plugin/xsd/surefire-test-report.xsd" version="3.0.2" name="com.company.pizzaria.SistemaDeGestaoParaPizzariaApplicationTests" time="8.298" tests="1" errors="0" skipped="0" failures="0">
  <properties>
[...]
</properties>
  <testcase name="contextLoads" classname="com.company.pizzaria.SistemaDeGestaoParaPizzariaApplicationTests" time="0.602">
    <system-out><![CDATA[10:46:17.938 [main] INFO org.springframework.test.context.support.AnnotationConfigContextLoaderUtils -- Could not detect default configuration classes for test class [com.company.pizzaria.SistemaDeGestaoParaPizzariaApplicationTests]: SistemaDeGestaoParaPizzariaApplicationTests does not declare any static, non-private, non-final, nested classes annotated with @Configuration.
10:46:18.186 [main] INFO org.springframework.boot.test.context.SpringBootTestContextBootstrapper -- Found @SpringBootConfiguration com.company.pizzaria.SistemaDeGestaoParaPizzariaApplication for test class com.company.pizzaria.SistemaDeGestaoParaPizzariaApplicationTests

  .   ____          _            __ _ _
 /\\ / ___'_ __ _ _(_)_ __  __ _ \ \ \ \
( ( )\___ | '_ | '_| | '_ \/ _` | \ \ \ \
 \\/  ___)| |_)| | | | | || (_| |  ) ) ) )
  '  |____| .__|_| |_|_| |_\__, | / / / /
 =========|_|==============|___/=/_/_/_/

 :: Spring Boot ::                (v3.4.4)

2025-05-14T10:46:18.893-03:00  INFO 38859 --- [           main] temaDeGestaoParaPizzariaApplicationTests : Starting SistemaDeGestaoParaPizzariaApplicationTests using Java 21.0.6 with PID 38859 (started by keven in /home/keven/Área de trabalho/repositorios/sistema-de-gestao-para-pizzaria)
2025-05-14T10:46:18.894-03:00  INFO 38859 --- [           main] temaDeGestaoParaPizzariaApplicationTests : The following 1 profile is active: "test"
2025-05-14T10:46:20.172-03:00  INFO 38859 --- [           main] .s.d.r.c.RepositoryConfigurationDelegate : Bootstrapping Spring Data JPA repositories in DEFAULT mode.
2025-05-14T10:46:20.413-03:00  INFO 38859 --- [           main] .s.d.r.c.RepositoryConfigurationDelegate : Finished Spring Data repository scanning in 212 ms. Found 10 JPA repository interfaces.
2025-05-14T10:46:20.929-03:00  INFO 38859 --- [           main] o.hibernate.jpa.internal.util.LogHelper  : HHH000204: Processing PersistenceUnitInfo [name: default]
2025-05-14T10:46:21.127-03:00  INFO 38859 --- [           main] org.hibernate.Version                    : HHH000412: Hibernate ORM core version 6.6.11.Final
2025-05-14T10:46:21.173-03:00  INFO 38859 --- [           main] o.h.c.internal.RegionFactoryInitiator    : HHH000026: Second-level cache disabled
2025-05-14T10:46:22.089-03:00  INFO 38859 --- [           main] o.s.o.j.p.SpringPersistenceUnitInfo      : No LoadTimeWeaver setup: ignoring JPA class transformer
2025-05-14T10:46:22.127-03:00  INFO 38859 --- [           main] com.zaxxer.hikari.HikariDataSource       : HikariPool-1 - Starting...
2025-05-14T10:46:22.329-03:00  INFO 38859 --- [           main] com.zaxxer.hikari.pool.HikariPool        : HikariPool-1 - Added connection conn0: url=jdbc:h2:mem:testdb user=SA
2025-05-14T10:46:22.330-03:00  INFO 38859 --- [           main] com.zaxxer.hikari.HikariDataSource       : HikariPool-1 - Start completed.
2025-05-14T10:46:22.367-03:00  WARN 38859 --- [           main] org.hibernate.orm.deprecation            : HHH90000025: H2Dialect does not need to be specified explicitly using 'hibernate.dialect' (remove the property setting and it will be selected by default)
2025-05-14T10:46:22.385-03:00  INFO 38859 --- [           main] org.hibernate.orm.connections.pooling    : HHH10001005: Database info:
	Database JDBC URL [Connecting through datasource 'HikariDataSource (HikariPool-1)']
	Database driver: undefined/unknown
	Database version: 2.3.232
	Autocommit mode: undefined/unknown
	Isolation level: undefined/unknown
	Minimum pool size: undefined/unknown
	Maximum pool size: undefined/unknown
2025-05-14T10:46:23.382-03:00  INFO 38859 --- [           main] o.h.e.t.j.p.i.JtaPlatformInitiator       : HHH000489: No JTA platform available (set 'hibernate.transaction.jta.platform' to enable JTA platform integration)
Hibernate: drop table if exists adicionais cascade 
Hibernate: drop table if exists clientes cascade 
Hibernate: drop table if exists enderecos cascade 
Hibernate: drop table if exists entregas cascade 
Hibernate: drop table if exists ingredientes cascade 
Hibernate: drop table if exists pedidos cascade 
Hibernate: drop table if exists pizzas cascade 
Hibernate: drop table if exists promocoes cascade 
Hibernate: drop table if exists sabores cascade 
Hibernate: drop table if exists tamanhos cascade 
Hibernate: drop table if exists tamanhos_pizza cascade 
Hibernate: create table adicionais (disponivel BOOLEAN DEFAULT TRUE, preco numeric(10,2) not null, id_adicional bigint generated by default as identity, nome varchar(50) not null, descricao TEXT, primary key (id_adicional))
Hibernate: create table clientes (data_nascimento date, cliente_id bigint generated by default as identity, data_cadastro timestamp(6), cpf varchar(14), telefone varchar(20) not null unique, email varchar(100) not null unique, nome varchar(100) not null, senha varchar(255) not null, primary key (cliente_id))
Hibernate: create table enderecos (id_cliente bigint not null, id_endereco bigint generated by default as identity, cep varchar(10) not null, numero varchar(10) not null, bairro varchar(50) not null, referencia varchar(100), rua varchar(100) not null, primary key (id_endereco))
Hibernate: create table entregas (entrega_id bigint generated by default as identity, pedido_id bigint not null, previsao_chegada timestamp(6), entregador varchar(255), status enum ('Aguardando','Em_Rota','Entregue'), primary key (entrega_id))
Hibernate: create table ingredientes (estoque_minimo numeric(10,2), quantidade_atual numeric(10,2), ingrediente_id bigint generated by default as identity, status varchar(20), unidade_medida varchar(20), nome varchar(100) not null, primary key (ingrediente_id))
Hibernate: create table pedidos (total float(53) not null, cliente_id bigint, data_hora timestamp(6) not null, pedido_id bigint generated by default as identity, metodo_pagamento enum ('BOLETO','CARTAO_CREDITO','CARTAO_DEBITO','DINHEIRO','PIX') not null, status enum ('ATRASADO','CANCELADO','EM_PREPARO','ENTREGUE','ENVIADO','NOVO','PENDENTE') not null, primary key (pedido_id))
Hibernate: create table pizzas (borda_recheada BOOLEAN DEFAULT FALSE, preco_final numeric(10,2) not null, id_pizza bigint generated by default as identity, id_sabor1 bigint not null, id_sabor2 bigint, id_tamanho bigint not null, observacoes TEXT, primary key (id_pizza))
Hibernate: create table promocoes (valido_ate date not null, valor_desconto float(53) not null, promocao_id bigint generated by default as identity, codigo varchar(255), tipo_desconto enum ('PORCENTAGEM','VALOR_FIXO') not null, primary key (promocao_id))
Hibernate: create table sabores (disponivel BOOLEAN DEFAULT TRUE, id_sabor bigint generated by default as identity, nome varchar(50) not null, descricao TEXT, imagem_url varchar(255), primary key (id_sabor))
Hibernate: create table tamanhos (multiplicador_preco numeric(4,2) not null, tamanho_id bigint generated by default as identity, nome enum ('BROTO','GRANDE','MEDIA') not null, primary key (tamanho_id))
Hibernate: create table tamanhos_pizza (disponivel BOOLEAN DEFAULT TRUE, fatias integer not null check ((fatias>=1) and (fatias<=16)), preco_base numeric(10,2) not null, id_tamanho bigint generated by default as identity, nome varchar(20) not null, descricao varchar(50), primary key (id_tamanho))
Hibernate: alter table if exists enderecos add constraint FKkay7emohibkld7gqpovbj3x00 foreign key (id_cliente) references clientes
Hibernate: alter table if exists entregas add constraint FKrtxf2mg1t04ohe5icx54lmidh foreign key (pedido_id) references pedidos
Hibernate: alter table if exists pedidos add constraint FKg7202lk0hwxn04bmdl2thth5b foreign key (cliente_id) references clientes
Hibernate: alter table if exists pizzas add constraint FK3aqb8ppb4h26uqs21e99vbsi5 foreign key (id_sabor1) references sabores
Hibernate: alter table if exists pizzas add constraint FKlbkp6432omo6l34nnbuhimeqm foreign key (id_sabor2) references sabores
Hibernate: alter table if exists pizzas add constraint FKgxtwvm9k5l2dqstodhjt61uby foreign key (id_tamanho) references tamanhos_pizza
2025-05-14T10:46:23.441-03:00  INFO 38859 --- [           main] j.LocalContainerEntityManagerFactoryBean : Initialized JPA EntityManagerFactory for persistence unit 'default'
2025-05-14T10:46:24.308-03:00  WARN 38859 --- [           main] JpaBaseConfiguration$JpaWebConfiguration : spring.jpa.open-in-view is enabled by default. Therefore, database queries may be performed during view rendering. Explicitly configure spring.jpa.open-in-view to disable this warning
2025-05-14T10:46:24.327-03:00  INFO 38859 --- [           main] o.s.b.a.w.s.WelcomePageHandlerMapping    : Adding welcome page template: index
2025-05-14T10:46:25.219-03:00  INFO 38859 --- [           main] temaDeGestaoParaPizzariaApplicationTests : Started SistemaDeGestaoParaPizzariaApplicationTests in 6.792 seconds (process running for 8.244)
]]></system-out>
    <system-err><![CDATA[Mockito is currently self-attaching to enable the inline-mock-maker. This will no longer work in future releases of the JDK. Please add Mockito as an agent to your build what is described in Mockito's documentation: https://javadoc.io/doc/org.mockito/mockito-core/latest/org/mockito/Mockito.html#0.3
WARNING: A Java agent has been loaded dynamically (/home/keven/.m2/repository/net/bytebuddy/byte-buddy-agent/1.15.11/byte-buddy-agent-1.15.11.jar)
WARNING: If a serviceability tool is in use, please run with -XX:+EnableDynamicAgentLoading to hide this warning
WARNING: If a serviceability tool is not in use, please run with -Djdk.instrument.traceUsage for more information
WARNING: Dynamic loading of agents will be disallowed by default in a future release
]]></system-err>
  </testcase>
</testsuite>